<?xml version='1.0' encoding='UTF-8'?>
<testsuite hostname="DESKTOP-LK0JO8M" name="sutd.compiler.simp.TestDF" tests="6" errors="0" failures="0" skipped="0" time="0.161" timestamp="2023-11-20T21:27:18">
          <properties>
      <property name="java.specification.version" value="17"/><property name="sun.jnu.encoding" value="UTF-8"/><property name="sun.arch.data.model" value="64"/><property name="java.vendor.url" value="Unknown"/><property name="sun.boot.library.path" value="/usr/lib/jvm/java-17-openjdk-amd64/lib"/><property name="sun.java.command" value="/home/ufutgs/.cache/coursier/arc/https/github.com/sbt/sbt/releases/download/v1.9.4/sbt-1.9.4.zip/sbt/bin/sbt-launch.jar compile testOnly sutd.compiler.simp.TestDF"/><property name="jdk.debug" value="release"/><property name="sun.stderr.encoding" value="UTF-8"/><property name="java.specification.vendor" value="Oracle Corporation"/><property name="java.version.date" value="2022-10-18"/><property name="java.home" value="/usr/lib/jvm/java-17-openjdk-amd64"/><property name="file.separator" value="/"/><property name="java.vm.compressedOopsMode" value="32-bit"/><property name="line.separator" value="
"/><property name="sun.stdout.encoding" value="UTF-8"/><property name="java.vm.specification.vendor" value="Oracle Corporation"/><property name="java.specification.name" value="Java Platform API Specification"/><property name="sun.management.compiler" value="HotSpot 64-Bit Tiered Compilers"/><property name="java.runtime.version" value="17.0.5+8-Ubuntu-2ubuntu122.04"/><property name="user.name" value="ufutgs"/><property name="log4j.ignoreTCL" value="true"/><property name="file.encoding" value="UTF-8"/><property name="jnidispatch.path" value="/home/ufutgs/.cache/JNA/temp/jna2631125544518765490.tmp"/><property name="jna.loaded" value="true"/><property name="java.io.tmpdir" value="/tmp"/><property name="java.version" value="17.0.5"/><property name="java.vm.specification.name" value="Java Virtual Machine Specification"/><property name="native.encoding" value="UTF-8"/><property name="java.library.path" value="/usr/java/packages/lib:/usr/lib/x86_64-linux-gnu/jni:/lib/x86_64-linux-gnu:/usr/lib/x86_64-linux-gnu:/usr/lib/jni:/lib:/usr/lib"/><property name="java.vendor" value="Private Build"/><property name="scala.ext.dirs" value="/home/ufutgs/.sbt/1.0/java9-rt-ext-private_build_17_0_5"/><property name="sun.io.unicode.encoding" value="UnicodeLittle"/><property name="java.class.path" value="/home/ufutgs/.cache/coursier/arc/https/github.com/sbt/sbt/releases/download/v1.9.4/sbt-1.9.4.zip/sbt/bin/sbt-launch.jar"/><property name="java.vm.vendor" value="Private Build"/><property name="jline.shutdownhook" value="false"/><property name="user.timezone" value="Asia/Singapore"/><property name="java.vm.specification.version" value="17"/><property name="os.name" value="Linux"/><property name="sun.java.launcher" value="SUN_STANDARD"/><property name="sun.cpu.endian" value="little"/><property name="user.home" value="/home/ufutgs"/><property name="user.language" value="en"/><property name="sbt.script" value="/home/ufutgs/.cache/coursier/arc/https/github.com/sbt/sbt/releases/download/v1.9.4/sbt-1.9.4.zip/sbt/bin/sbt"/><property name="sbt.ipcsocket.tmpdir" value="/mnt/wslg/runtime-dir/.sbt2663a4c1/ipcsocket"/><property name="swoval.tmpdir" value="/mnt/wslg/runtime-dir/.sbt2663a4c1/swoval"/><property name="jline.esc.timeout" value="0"/><property name="path.separator" value=":"/><property name="os.version" value="5.15.133.1-microsoft-standard-WSL2"/><property name="jna.nosys" value="true"/><property name="java.runtime.name" value="OpenJDK Runtime Environment"/><property name="java.vm.name" value="OpenJDK 64-Bit Server VM"/><property name="jna.platform.library.path" value="/usr/lib/x86_64-linux-gnu:/lib/x86_64-linux-gnu:/usr/lib64:/lib64:/usr/lib:/lib:/usr/lib/wsl/lib:/usr/lib/x86_64-linux-gnu/libfakeroot"/><property name="java.vendor.url.bug" value="Unknown"/><property name="user.dir" value="/mnt/c/Users/user/Desktop/project/simp_lab3"/><property name="os.arch" value="amd64"/><property name="java.vm.info" value="mixed mode, sharing"/><property name="java.vm.version" value="17.0.5+8-Ubuntu-2ubuntu122.04"/><property name="java.class.version" value="61.0"/>
    </properties>
          <testcase classname="sutd.compiler.simp.TestDF" name="testing buildDomTree 1" time="0.118">
                      
                    </testcase><testcase classname="sutd.compiler.simp.TestDF" name="testing buildDomTree 2" time="0.002">
                      
                    </testcase><testcase classname="sutd.compiler.simp.TestDF" name="testing buildDomTree 3" time="0.006">
                      
                    </testcase><testcase classname="sutd.compiler.simp.TestDF" name="test buildDFT 1" time="0.031">
                      
                    </testcase><testcase classname="sutd.compiler.simp.TestDF" name="test buildDFT 2" time="0.003">
                      
                    </testcase><testcase classname="sutd.compiler.simp.TestDF" name="test buildDFT 3" time="0.001">
                      
                    </testcase>
          <system-out><![CDATA[]]></system-out>
          <system-err><![CDATA[]]></system-err>
        </testsuite>